<?xml version="1.0" encoding="UTF-8"?>
<!-- Generated by org.testng.reporters.JUnitXMLReporter -->
<testsuite ignored="0" hostname="Avinash-Kumar" failures="3" tests="3" name="Test" time="41.234" errors="0" timestamp="2022-07-16T02:23:16 IST">
  <testcase classname="browser.Chrome.Test_Chrome" name="verifySeleniumPage" time="10.793">
    <failure type="java.lang.AssertionError" message="expected [Selenium] but found [Seleniumsai]">
      <![CDATA[java.lang.AssertionError: expected [Selenium] but found [Seleniumsai]
at browser.Chrome.Test_Chrome.verifySeleniumPage(Test_Chrome.java:31)
at java.base/java.util.ArrayList.forEach(ArrayList.java:1511)
... Removed 34 stack frames]]>
    </failure>
  </testcase> <!-- verifySeleniumPage -->
  <testcase classname="browser.Edge.Test_Edge" name="verifySeleniumPage" time="14.116">
    <failure type="java.lang.AssertionError" message="expected [Selenium] but found [Seleniumsai]">
      <![CDATA[java.lang.AssertionError: expected [Selenium] but found [Seleniumsai]
at browser.Edge.Test_Edge.verifySeleniumPage(Test_Edge.java:31)
at java.base/java.util.ArrayList.forEach(ArrayList.java:1511)
... Removed 34 stack frames]]>
    </failure>
  </testcase> <!-- verifySeleniumPage -->
  <testcase classname="browser.Firefox.Test_Firefox" name="verifySeleniumPage" time="16.314">
    <failure type="java.lang.AssertionError" message="expected [Selenium] but found [Seleniumsai]">
      <![CDATA[java.lang.AssertionError: expected [Selenium] but found [Seleniumsai]
at browser.Firefox.Test_Firefox.verifySeleniumPage(Test_Firefox.java:31)
at java.base/java.util.ArrayList.forEach(ArrayList.java:1511)
... Removed 34 stack frames]]>
    </failure>
  </testcase> <!-- verifySeleniumPage -->
</testsuite> <!-- Test -->
