<?xml version="1.0" encoding="UTF-8"?>
<!-- Generated by org.testng.reporters.JUnitXMLReporter -->
<testsuite ignored="0" hostname="Avinash-Kumar" failures="1" tests="1" name="Test2_FF" time="40.852" errors="0" timestamp="2022-07-15T06:06:38 IST">
  <testcase classname="topic_ITest_ContextResult.Testresultcontext2" name="verifySeleniumpage" time="26.794">
    <failure type="java.lang.AssertionError" message="expected [https://www.saucedemo.com/] but found [https://www.saucedemo.com/inventory.html]">
      <![CDATA[java.lang.AssertionError: expected [https://www.saucedemo.com/] but found [https://www.saucedemo.com/inventory.html]
at topic_ITest_ContextResult.Testresultcontext2.verifySeleniumpage(Testresultcontext2.java:71)
at java.base/java.util.ArrayList.forEach(ArrayList.java:1511)
... Removed 33 stack frames]]>
    </failure>
  </testcase> <!-- verifySeleniumpage -->
</testsuite> <!-- Test2_FF -->
